[  7%] [32mBuilding CXX object CMakeFiles/example_tricycle_drive.dir/examples/example_tricycle_drive.cpp.o[0m
[ 21%] Built target example_position_pid
[ 28%] [32mBuilding CXX object CMakeFiles/example_diff_drive.dir/examples/example_diff_drive.cpp.o[0m
[ 35%] [32mBuilding CXX object CMakeFiles/example_velocity.dir/examples/example_velocity.cpp.o[0m
[ 50%] Built target example_effort
[ 57%] [32mBuilding CXX object CMakeFiles/example_position.dir/examples/example_position.cpp.o[0m
[01m[Kcc1plus:[m[K [01;31m[Kfatal error: [m[K/home/dev/ros2_ws/src/gazebo_ros2_control/gazebo_ros2_control_demos/examples/example_diff_drive.cpp: No such file or directory
[01m[Kcc1plus:[m[K [01;31m[Kfatal error: [m[K/home/dev/ros2_ws/src/gazebo_ros2_control/gazebo_ros2_control_demos/examples/example_velocity.cpp: No such file or directory
compilation terminated.
compilation terminated.
gmake[2]: *** [CMakeFiles/example_diff_drive.dir/build.make:76: CMakeFiles/example_diff_drive.dir/examples/example_diff_drive.cpp.o] Error 1
gmake[2]: *** [CMakeFiles/example_velocity.dir/build.make:76: CMakeFiles/example_velocity.dir/examples/example_velocity.cpp.o] Error 1
gmake[1]: *** [CMakeFiles/Makefile2:279: CMakeFiles/example_diff_drive.dir/all] Error 2
gmake[1]: *** Waiting for unfinished jobs....
gmake[1]: *** [CMakeFiles/Makefile2:175: CMakeFiles/example_velocity.dir/all] Error 2
[01m[Kcc1plus:[m[K [01;31m[Kfatal error: [m[K/home/dev/ros2_ws/src/gazebo_ros2_control/gazebo_ros2_control_demos/examples/example_tricycle_drive.cpp: No such file or directory
compilation terminated.
gmake[2]: *** [CMakeFiles/example_tricycle_drive.dir/build.make:76: CMakeFiles/example_tricycle_drive.dir/examples/example_tricycle_drive.cpp.o] Error 1
gmake[1]: *** [CMakeFiles/Makefile2:305: CMakeFiles/example_tricycle_drive.dir/all] Error 2
[ 64%] [32mBuilding CXX object CMakeFiles/example_gripper.dir/examples/example_gripper.cpp.o[0m
[01m[Kcc1plus:[m[K [01;31m[Kfatal error: [m[K/home/dev/ros2_ws/src/gazebo_ros2_control/gazebo_ros2_control_demos/examples/example_gripper.cpp: No such file or directory
compilation terminated.
gmake[2]: *** [CMakeFiles/example_gripper.dir/build.make:76: CMakeFiles/example_gripper.dir/examples/example_gripper.cpp.o] Error 1
gmake[1]: *** [CMakeFiles/Makefile2:227: CMakeFiles/example_gripper.dir/all] Error 2
[ 71%] [32m[1mLinking CXX executable example_position[0m
[ 71%] Built target example_position
gmake: *** [Makefile:146: all] Error 2
